<?xml version="1.0" encoding="UTF-8"?>
<robot generator="Robot 7.3.2 (Python 3.13.6 on win32)" generated="2025-09-01T19:36:48.138951" rpa="false" schemaversion="5">
<suite id="s1" name="Test Can Message" source="C:\Users\poojitha\projects\hil-can-robot-tests\test_can_message.robot">
<test id="s1-t1" name="Send And Receive CAN Message" line="5">
<kw name="Send Can Message" owner="can_utils">
<msg time="2025-09-01T19:36:49.355385" level="WARN">VirtualBus was not properly shut down</msg>
<msg time="2025-09-01T19:36:49.356568" level="INFO">${result} = Message sent: ID=0x123, Data=0A0B0C0D</msg>
<var>${result}</var>
<arg>0x123</arg>
<arg>0A0B0C0D</arg>
<doc>Send a CAN message.
arbitration_id: hex string like '0x123'
data: hex string like '0A0B0C0D'</doc>
<status status="PASS" start="2025-09-01T19:36:49.339979" elapsed="0.016713"/>
</kw>
<kw name="Log To Console" owner="BuiltIn">
<arg>${result}</arg>
<doc>Logs the given message to the console.</doc>
<status status="PASS" start="2025-09-01T19:36:49.357694" elapsed="0.001232"/>
</kw>
<kw name="Receive Can Message" owner="can_utils">
<msg time="2025-09-01T19:36:50.371788" level="WARN">VirtualBus was not properly shut down</msg>
<msg time="2025-09-01T19:36:50.372883" level="INFO">${rx} = No message received</msg>
<var>${rx}</var>
<arg>timeout=1</arg>
<doc>Receive a CAN message with a timeout (seconds).</doc>
<status status="PASS" start="2025-09-01T19:36:49.359421" elapsed="1.013582"/>
</kw>
<kw name="Log To Console" owner="BuiltIn">
<arg>${rx}</arg>
<doc>Logs the given message to the console.</doc>
<status status="PASS" start="2025-09-01T19:36:50.373506" elapsed="0.000690"/>
</kw>
<status status="PASS" start="2025-09-01T19:36:49.337376" elapsed="1.037105"/>
</test>
<status status="PASS" start="2025-09-01T19:36:48.146471" elapsed="2.228817"/>
</suite>
<statistics>
<total>
<stat pass="1" fail="0" skip="0">All Tests</stat>
</total>
<tag>
</tag>
<suite>
<stat name="Test Can Message" id="s1" pass="1" fail="0" skip="0">Test Can Message</stat>
</suite>
</statistics>
<errors>
<msg time="2025-09-01T19:36:49.355385" level="WARN">VirtualBus was not properly shut down</msg>
<msg time="2025-09-01T19:36:50.371788" level="WARN">VirtualBus was not properly shut down</msg>
</errors>
</robot>
